# JRE version: OpenJDK Runtime Environment Microsoft-8035246 (17.0.8+7) (build 17.0.8+7-LTS)
# Java VM: OpenJDK 64-Bit Server VM Microsoft-8035246 (17.0.8+7-LTS, mixed mode, sharing, tiered, compressed oops, compressed class ptrs, g1 gc, windows-amd64)
GC Precious Log:
 CPUs: 8 total, 8 available
 Memory: 16122M
 Large Page Support: Disabled
 NUMA Support: Disabled
 Compressed Oops: Enabled (32-bit)
 Heap Region Size: 1M
 Heap Min Capacity: 8M
 Heap Initial Capacity: 252M
 Heap Max Capacity: 2G
 Pre-touch: Disabled
 Parallel Workers: 8
 Concurrent Workers: 2
 Concurrent Refinement Workers: 8
 Periodic GC: Disabled
Heap:
 garbage-first heap   total 264192K, used 206822K [0x0000000080000000, 0x0000000100000000)
  region size 1024K, 28 young (28672K), 6 survivors (6144K)
 Metaspace       used 99530K, committed 100608K, reserved 557056K
  class space    used 13951K, committed 14464K, reserved 425984K
GC Heap History (20 events):
Event: 106.903 GC heap before
{Heap before GC invocations=51 (full 0):
 garbage-first heap   total 220160K, used 136724K [0x0000000080000000, 0x0000000100000000)
  region size 1024K, 12 young (12288K), 2 survivors (2048K)
 Metaspace       used 88627K, committed 89600K, reserved 557056K
  class space    used 12526K, committed 12928K, reserved 425984K
}
Event: 106.912 GC heap after
{Heap after GC invocations=52 (full 0):
 garbage-first heap   total 220160K, used 130912K [0x0000000080000000, 0x0000000100000000)
  region size 1024K, 2 young (2048K), 2 survivors (2048K)
 Metaspace       used 88627K, committed 89600K, reserved 557056K
  class space    used 12526K, committed 12928K, reserved 425984K
}
Event: 107.260 GC heap before
{Heap before GC invocations=52 (full 0):
 garbage-first heap   total 220160K, used 140128K [0x0000000080000000, 0x0000000100000000)
  region size 1024K, 10 young (10240K), 2 survivors (2048K)
 Metaspace       used 88727K, committed 89728K, reserved 557056K
  class space    used 12544K, committed 12992K, reserved 425984K
}
Event: 107.276 GC heap after
{Heap after GC invocations=53 (full 0):
 garbage-first heap   total 264192K, used 132690K [0x0000000080000000, 0x0000000100000000)
  region size 1024K, 2 young (2048K), 2 survivors (2048K)
 Metaspace       used 88727K, committed 89728K, reserved 557056K
  class space    used 12544K, committed 12992K, reserved 425984K
}
Event: 110.341 GC heap before
{Heap before GC invocations=53 (full 0):
 garbage-first heap   total 264192K, used 210514K [0x0000000080000000, 0x0000000100000000)
  region size 1024K, 73 young (74752K), 2 survivors (2048K)
 Metaspace       used 89605K, committed 90624K, reserved 557056K
  class space    used 12659K, committed 13120K, reserved 425984K
}
Event: 110.369 GC heap after
{Heap after GC invocations=54 (full 0):
 garbage-first heap   total 264192K, used 154796K [0x0000000080000000, 0x0000000100000000)
  region size 1024K, 10 young (10240K), 10 survivors (10240K)
 Metaspace       used 89605K, committed 90624K, reserved 557056K
  class space    used 12659K, committed 13120K, reserved 425984K
}
Event: 112.387 GC heap before
{Heap before GC invocations=54 (full 0):
 garbage-first heap   total 264192K, used 207020K [0x0000000080000000, 0x0000000100000000)
  region size 1024K, 61 young (62464K), 10 survivors (10240K)
 Metaspace       used 94218K, committed 95296K, reserved 557056K
  class space    used 13318K, committed 13824K, reserved 425984K
}
Event: 112.404 GC heap after
{Heap after GC invocations=55 (full 0):
 garbage-first heap   total 264192K, used 157284K [0x0000000080000000, 0x0000000100000000)
  region size 1024K, 3 young (3072K), 3 survivors (3072K)
 Metaspace       used 94218K, committed 95296K, reserved 557056K
  class space    used 13318K, committed 13824K, reserved 425984K
}
Event: 114.536 GC heap before
{Heap before GC invocations=55 (full 0):
 garbage-first heap   total 264192K, used 211556K [0x0000000080000000, 0x0000000100000000)
  region size 1024K, 56 young (57344K), 3 survivors (3072K)
 Metaspace       used 96728K, committed 97856K, reserved 557056K
  class space    used 13630K, committed 14144K, reserved 425984K
}
Event: 114.562 GC heap after
{Heap after GC invocations=56 (full 0):
 garbage-first heap   total 264192K, used 163079K [0x0000000080000000, 0x0000000100000000)
  region size 1024K, 7 young (7168K), 7 survivors (7168K)
 Metaspace       used 96728K, committed 97856K, reserved 557056K
  class space    used 13630K, committed 14144K, reserved 425984K
}
Event: 116.404 GC heap before
{Heap before GC invocations=56 (full 0):
 garbage-first heap   total 264192K, used 215303K [0x0000000080000000, 0x0000000100000000)
  region size 1024K, 58 young (59392K), 7 survivors (7168K)
 Metaspace       used 97721K, committed 98816K, reserved 557056K
  class space    used 13734K, committed 14272K, reserved 425984K
}
Event: 116.444 GC heap after
{Heap after GC invocations=57 (full 0):
 garbage-first heap   total 264192K, used 170449K [0x0000000080000000, 0x0000000100000000)
  region size 1024K, 8 young (8192K), 8 survivors (8192K)
 Metaspace       used 97721K, committed 98816K, reserved 557056K
  class space    used 13734K, committed 14272K, reserved 425984K
}
Event: 117.799 GC heap before
{Heap before GC invocations=57 (full 0):
 garbage-first heap   total 264192K, used 217553K [0x0000000080000000, 0x0000000100000000)
  region size 1024K, 54 young (55296K), 8 survivors (8192K)
 Metaspace       used 98125K, committed 99200K, reserved 557056K
  class space    used 13771K, committed 14272K, reserved 425984K
}
Event: 117.823 GC heap after
{Heap after GC invocations=58 (full 0):
 garbage-first heap   total 264192K, used 175020K [0x0000000080000000, 0x0000000100000000)
  region size 1024K, 5 young (5120K), 5 survivors (5120K)
 Metaspace       used 98125K, committed 99200K, reserved 557056K
  class space    used 13771K, committed 14272K, reserved 425984K
}
Event: 119.775 GC heap before
{Heap before GC invocations=58 (full 0):
 garbage-first heap   total 264192K, used 219052K [0x0000000080000000, 0x0000000100000000)
  region size 1024K, 49 young (50176K), 5 survivors (5120K)
 Metaspace       used 98877K, committed 100032K, reserved 557056K
  class space    used 13892K, committed 14400K, reserved 425984K
}
Event: 119.799 GC heap after
{Heap after GC invocations=59 (full 0):
 garbage-first heap   total 264192K, used 180388K [0x0000000080000000, 0x0000000100000000)
  region size 1024K, 6 young (6144K), 6 survivors (6144K)
 Metaspace       used 98877K, committed 100032K, reserved 557056K
  class space    used 13892K, committed 14400K, reserved 425984K
}
Event: 121.895 GC heap before
{Heap before GC invocations=59 (full 0):
 garbage-first heap   total 264192K, used 220324K [0x0000000080000000, 0x0000000100000000)
  region size 1024K, 46 young (47104K), 6 survivors (6144K)
 Metaspace       used 99183K, committed 100288K, reserved 557056K
  class space    used 13899K, committed 14400K, reserved 425984K
}
Event: 121.913 GC heap after
{Heap after GC invocations=60 (full 0):
 garbage-first heap   total 264192K, used 182512K [0x0000000080000000, 0x0000000100000000)
  region size 1024K, 3 young (3072K), 3 survivors (3072K)
 Metaspace       used 99183K, committed 100288K, reserved 557056K
  class space    used 13899K, committed 14400K, reserved 425984K
}
Event: 123.594 GC heap before
{Heap before GC invocations=60 (full 0):
 garbage-first heap   total 264192K, used 222448K [0x0000000080000000, 0x0000000100000000)
  region size 1024K, 43 young (44032K), 3 survivors (3072K)
 Metaspace       used 99508K, committed 100608K, reserved 557056K
  class space    used 13949K, committed 14464K, reserved 425984K
}
Event: 123.609 GC heap after
{Heap after GC invocations=61 (full 0):
 garbage-first heap   total 264192K, used 185318K [0x0000000080000000, 0x0000000100000000)
  region size 1024K, 6 young (6144K), 6 survivors (6144K)
 Metaspace       used 99508K, committed 100608K, reserved 557056K
  class space    used 13949K, committed 14464K, reserved 425984K
}

