# JRE version: OpenJDK Runtime Environment Microsoft-8035246 (17.0.8+7) (build 17.0.8+7-LTS)
# Java VM: OpenJDK 64-Bit Server VM Microsoft-8035246 (17.0.8+7-LTS, mixed mode, sharing, tiered, compressed oops, compressed class ptrs, g1 gc, windows-amd64)
GC Precious Log:
 CPUs: 8 total, 8 available
 Memory: 16122M
 Large Page Support: Disabled
 NUMA Support: Disabled
 Compressed Oops: Enabled (32-bit)
 Heap Region Size: 1M
 Heap Min Capacity: 8M
 Heap Initial Capacity: 252M
 Heap Max Capacity: 2G
 Pre-touch: Disabled
 Parallel Workers: 8
 Concurrent Workers: 2
 Concurrent Refinement Workers: 8
 Periodic GC: Disabled
Heap:
 garbage-first heap   total 355328K, used 201523K [0x0000000080000000, 0x0000000100000000)
  region size 1024K, 31 young (31744K), 14 survivors (14336K)
 Metaspace       used 99659K, committed 100800K, reserved 557056K
  class space    used 13992K, committed 14528K, reserved 425984K
GC Heap History (20 events):
Event: 64.633 GC heap before
{Heap before GC invocations=39 (full 0):
 garbage-first heap   total 188416K, used 157696K [0x0000000080000000, 0x0000000100000000)
  region size 1024K, 41 young (41984K), 7 survivors (7168K)
 Metaspace       used 88844K, committed 89856K, reserved 557056K
  class space    used 12565K, committed 13056K, reserved 425984K
}
Event: 64.668 GC heap after
{Heap after GC invocations=40 (full 0):
 garbage-first heap   total 188416K, used 130790K [0x0000000080000000, 0x0000000100000000)
  region size 1024K, 6 young (6144K), 6 survivors (6144K)
 Metaspace       used 88844K, committed 89856K, reserved 557056K
  class space    used 12565K, committed 13056K, reserved 425984K
}
Event: 66.406 GC heap before
{Heap before GC invocations=40 (full 0):
 garbage-first heap   total 188416K, used 155366K [0x0000000080000000, 0x0000000100000000)
  region size 1024K, 30 young (30720K), 6 survivors (6144K)
 Metaspace       used 89135K, committed 90112K, reserved 557056K
  class space    used 12594K, committed 13056K, reserved 425984K
}
Event: 66.432 GC heap after
{Heap after GC invocations=41 (full 0):
 garbage-first heap   total 188416K, used 139418K [0x0000000080000000, 0x0000000100000000)
  region size 1024K, 4 young (4096K), 4 survivors (4096K)
 Metaspace       used 89135K, committed 90112K, reserved 557056K
  class space    used 12594K, committed 13056K, reserved 425984K
}
Event: 67.363 GC heap before
{Heap before GC invocations=41 (full 0):
 garbage-first heap   total 188416K, used 160922K [0x0000000080000000, 0x0000000100000000)
  region size 1024K, 22 young (22528K), 4 survivors (4096K)
 Metaspace       used 89347K, committed 90432K, reserved 557056K
  class space    used 12621K, committed 13120K, reserved 425984K
}
Event: 67.376 GC heap after
{Heap after GC invocations=42 (full 0):
 garbage-first heap   total 188416K, used 149143K [0x0000000080000000, 0x0000000100000000)
  region size 1024K, 3 young (3072K), 3 survivors (3072K)
 Metaspace       used 89347K, committed 90432K, reserved 557056K
  class space    used 12621K, committed 13120K, reserved 425984K
}
Event: 67.824 GC heap before
{Heap before GC invocations=42 (full 0):
 garbage-first heap   total 188416K, used 160407K [0x0000000080000000, 0x0000000100000000)
  region size 1024K, 14 young (14336K), 3 survivors (3072K)
 Metaspace       used 89570K, committed 90624K, reserved 557056K
  class space    used 12647K, committed 13120K, reserved 425984K
}
Event: 67.838 GC heap after
{Heap after GC invocations=43 (full 0):
 garbage-first heap   total 188416K, used 151196K [0x0000000080000000, 0x0000000100000000)
  region size 1024K, 2 young (2048K), 2 survivors (2048K)
 Metaspace       used 89570K, committed 90624K, reserved 557056K
  class space    used 12647K, committed 13120K, reserved 425984K
}
Event: 68.534 GC heap before
{Heap before GC invocations=44 (full 0):
 garbage-first heap   total 263168K, used 161436K [0x0000000080000000, 0x0000000100000000)
  region size 1024K, 12 young (12288K), 2 survivors (2048K)
 Metaspace       used 90134K, committed 91136K, reserved 557056K
  class space    used 12717K, committed 13184K, reserved 425984K
}
Event: 68.544 GC heap after
{Heap after GC invocations=45 (full 0):
 garbage-first heap   total 263168K, used 152223K [0x0000000080000000, 0x0000000100000000)
  region size 1024K, 1 young (1024K), 1 survivors (1024K)
 Metaspace       used 90134K, committed 91136K, reserved 557056K
  class space    used 12717K, committed 13184K, reserved 425984K
}
Event: 68.939 GC heap before
{Heap before GC invocations=45 (full 0):
 garbage-first heap   total 263168K, used 163487K [0x0000000080000000, 0x0000000100000000)
  region size 1024K, 12 young (12288K), 1 survivors (1024K)
 Metaspace       used 90857K, committed 91904K, reserved 557056K
  class space    used 12818K, committed 13312K, reserved 425984K
}
Event: 68.948 GC heap after
{Heap after GC invocations=46 (full 0):
 garbage-first heap   total 263168K, used 151687K [0x0000000080000000, 0x0000000100000000)
  region size 1024K, 2 young (2048K), 2 survivors (2048K)
 Metaspace       used 90857K, committed 91904K, reserved 557056K
  class space    used 12818K, committed 13312K, reserved 425984K
}
Event: 71.024 GC heap before
{Heap before GC invocations=46 (full 0):
 garbage-first heap   total 263168K, used 206983K [0x0000000080000000, 0x0000000100000000)
  region size 1024K, 56 young (57344K), 2 survivors (2048K)
 Metaspace       used 95317K, committed 96384K, reserved 557056K
  class space    used 13441K, committed 13952K, reserved 425984K
}
Event: 71.050 GC heap after
{Heap after GC invocations=47 (full 0):
 garbage-first heap   total 355328K, used 155716K [0x0000000080000000, 0x0000000100000000)
  region size 1024K, 6 young (6144K), 6 survivors (6144K)
 Metaspace       used 95317K, committed 96384K, reserved 557056K
  class space    used 13441K, committed 13952K, reserved 425984K
}
Event: 75.386 GC heap before
{Heap before GC invocations=47 (full 0):
 garbage-first heap   total 355328K, used 269380K [0x0000000080000000, 0x0000000100000000)
  region size 1024K, 117 young (119808K), 6 survivors (6144K)
 Metaspace       used 98116K, committed 99200K, reserved 557056K
  class space    used 13759K, committed 14272K, reserved 425984K
}
Event: 75.429 GC heap after
{Heap after GC invocations=48 (full 0):
 garbage-first heap   total 355328K, used 167066K [0x0000000080000000, 0x0000000100000000)
  region size 1024K, 15 young (15360K), 15 survivors (15360K)
 Metaspace       used 98116K, committed 99200K, reserved 557056K
  class space    used 13759K, committed 14272K, reserved 425984K
}
Event: 78.256 GC heap before
{Heap before GC invocations=48 (full 0):
 garbage-first heap   total 355328K, used 274586K [0x0000000080000000, 0x0000000100000000)
  region size 1024K, 121 young (123904K), 15 survivors (15360K)
 Metaspace       used 99392K, committed 100480K, reserved 557056K
  class space    used 13944K, committed 14464K, reserved 425984K
}
Event: 78.326 GC heap after
{Heap after GC invocations=49 (full 0):
 garbage-first heap   total 355328K, used 175604K [0x0000000080000000, 0x0000000100000000)
  region size 1024K, 9 young (9216K), 9 survivors (9216K)
 Metaspace       used 99392K, committed 100480K, reserved 557056K
  class space    used 13944K, committed 14464K, reserved 425984K
}
Event: 81.048 GC heap before
{Heap before GC invocations=49 (full 0):
 garbage-first heap   total 355328K, used 281076K [0x0000000080000000, 0x0000000100000000)
  region size 1024K, 112 young (114688K), 9 survivors (9216K)
 Metaspace       used 99658K, committed 100800K, reserved 557056K
  class space    used 13992K, committed 14528K, reserved 425984K
}
Event: 81.087 GC heap after
{Heap after GC invocations=50 (full 0):
 garbage-first heap   total 355328K, used 181043K [0x0000000080000000, 0x0000000100000000)
  region size 1024K, 14 young (14336K), 14 survivors (14336K)
 Metaspace       used 99658K, committed 100800K, reserved 557056K
  class space    used 13992K, committed 14528K, reserved 425984K
}

